<?xml version="1.0" encoding="UTF-8"?>
<!-- Generated by org.testng.reporters.JUnitReportReporter -->
<testsuite hostname="DESKTOP-NFTSNUL" failures="0" tests="11" name="QAtest.homePage" time="47.419" errors="0" timestamp="06 Aug 2019 18:59:04 GMT" skipped="0">
  <testcase classname="QAtest.homePage" name="pageNavigation" time="4.630"/>
  <testcase classname="QAtest.homePage" name="pageNavigation" time="4.412"/>
  <testcase classname="QAtest.homePage" name="pageNavigation" time="4.000"/>
  <testcase classname="QAtest.homePage" name="pageNavigation" time="4.154"/>
  <testcase classname="QAtest.homePage" name="pageNavigation" time="4.198"/>
  <testcase classname="QAtest.homePage" name="pageNavigation" time="4.195"/>
  <testcase classname="QAtest.homePage" name="pageNavigation" time="5.075"/>
  <testcase classname="QAtest.homePage" name="pageNavigation" time="4.214"/>
  <testcase classname="QAtest.homePage" name="pageNavigation" time="4.339"/>
  <testcase classname="QAtest.homePage" name="pageNavigation" time="4.023"/>
  <testcase classname="QAtest.homePage" name="pageNavigation" time="4.179"/>
</testsuite> <!-- QAtest.homePage -->
