<?xml version="1.0" encoding="UTF-8"?>
<!-- Generated by org.testng.reporters.JUnitReportReporter -->
<testsuite hostname="DESKTOP-NFTSNUL" failures="0" tests="11" name="QAtest.homePage" time="52.994" errors="0" timestamp="01 Aug 2019 01:38:04 GMT" skipped="0">
  <testcase classname="QAtest.homePage" name="pageNavigation" time="4.328"/>
  <testcase classname="QAtest.homePage" name="pageNavigation" time="6.262"/>
  <testcase classname="QAtest.homePage" name="pageNavigation" time="6.878"/>
  <testcase classname="QAtest.homePage" name="pageNavigation" time="4.177"/>
  <testcase classname="QAtest.homePage" name="pageNavigation" time="4.456"/>
  <testcase classname="QAtest.homePage" name="pageNavigation" time="4.178"/>
  <testcase classname="QAtest.homePage" name="pageNavigation" time="4.106"/>
  <testcase classname="QAtest.homePage" name="pageNavigation" time="4.295"/>
  <testcase classname="QAtest.homePage" name="pageNavigation" time="4.106"/>
  <testcase classname="QAtest.homePage" name="pageNavigation" time="6.022"/>
  <testcase classname="QAtest.homePage" name="pageNavigation" time="4.186"/>
</testsuite> <!-- QAtest.homePage -->
